INFO:root:Device used is : cuda:0
INFO:root:Folder address detected for tarfile : CUB_200_2011
INFO:root:Dataset extracted...
INFO:root:Dataset splitted...
INFO:root:Starting training the model...
INFO:root:Test Accuracy: 12.56%
INFO:root:Epoch 1/60, Training Loss: 5.0618, Training Accuracy: 3.4345875043148086%, Test Loss: 4.3084, Test Accuracy: 12.56%
INFO:root:Test Accuracy: 30.16%
INFO:root:Epoch 2/60, Training Loss: 3.8620, Training Accuracy: 17.984121505005177%, Test Loss: 2.9686, Test Accuracy: 30.16%
INFO:root:Test Accuracy: 43.44%
INFO:root:Epoch 3/60, Training Loss: 2.9061, Training Accuracy: 33.03417328270625%, Test Loss: 2.2207, Test Accuracy: 43.44%
INFO:root:Test Accuracy: 50.82%
INFO:root:Epoch 4/60, Training Loss: 2.3627, Training Accuracy: 42.975491888160164%, Test Loss: 1.8430, Test Accuracy: 50.82%
INFO:root:Test Accuracy: 56.52%
INFO:root:Epoch 5/60, Training Loss: 2.0292, Training Accuracy: 50.01725923369003%, Test Loss: 1.5967, Test Accuracy: 56.52%
INFO:root:Test Accuracy: 60.03%
INFO:root:Epoch 6/60, Training Loss: 1.7810, Training Accuracy: 55.695547117707974%, Test Loss: 1.4186, Test Accuracy: 60.03%
INFO:root:Test Accuracy: 63.23%
INFO:root:Epoch 7/60, Training Loss: 1.6514, Training Accuracy: 58.111839834311354%, Test Loss: 1.3104, Test Accuracy: 63.23%
INFO:root:Test Accuracy: 63.85%
INFO:root:Epoch 8/60, Training Loss: 1.5006, Training Accuracy: 61.719019675526404%, Test Loss: 1.2537, Test Accuracy: 63.85%
INFO:root:Test Accuracy: 65.35%
INFO:root:Epoch 9/60, Training Loss: 1.3946, Training Accuracy: 64.63583016914049%, Test Loss: 1.1953, Test Accuracy: 65.35%
INFO:root:Test Accuracy: 66.97%
INFO:root:Epoch 10/60, Training Loss: 1.3115, Training Accuracy: 66.4998274076631%, Test Loss: 1.1327, Test Accuracy: 66.97%
INFO:root:Test Accuracy: 67.73%
INFO:root:Epoch 11/60, Training Loss: 1.2251, Training Accuracy: 68.72626855367622%, Test Loss: 1.1277, Test Accuracy: 67.73%
INFO:root:Test Accuracy: 68.44%
INFO:root:Epoch 12/60, Training Loss: 1.1609, Training Accuracy: 69.86537797721782%, Test Loss: 1.0956, Test Accuracy: 68.44%
INFO:root:Test Accuracy: 69.00%
INFO:root:Epoch 13/60, Training Loss: 1.1322, Training Accuracy: 71.07352433551951%, Test Loss: 1.0848, Test Accuracy: 69.00%
INFO:root:Test Accuracy: 68.82%
INFO:root:Epoch 14/60, Training Loss: 1.0880, Training Accuracy: 71.83293061788056%, Test Loss: 1.0903, Test Accuracy: 68.82%
INFO:root:Device used is : cuda:0
INFO:root:Folder address detected for tarfile : CUB_200_2011
INFO:root:Device used is : cuda:0
INFO:root:Folder address detected for tarfile : CUB_200_2011
INFO:root:Dataset extracted...
INFO:root:Device used is : cuda:0
INFO:root:Folder address detected for tarfile : CUB_200_2011
INFO:root:Device used is : cuda:0
INFO:root:Folder address detected for tarfile : CUB_200_2011
INFO:root:Dataset extracted...
INFO:root:Dataset splitted...
INFO:root:Starting training the model...
INFO:root:Device used is : cuda:0
INFO:root:Folder address detected for tarfile : CUB_200_2011
INFO:root:Dataset extracted...
INFO:root:Dataset splitted...
INFO:root:Starting training the model...
INFO:root:Test Accuracy: 24.84%
INFO:root:Epoch 1/20, Training Loss: 4.6317, Training Accuracy: 7.766655160510873%, Test Loss: 3.1882, Test Accuracy: 24.84%
INFO:root:Test Accuracy: 44.03%
INFO:root:Epoch 2/20, Training Loss: 3.0035, Training Accuracy: 28.098032447359337%, Test Loss: 2.0983, Test Accuracy: 44.03%
INFO:root:Test Accuracy: 53.45%
INFO:root:Epoch 3/20, Training Loss: 2.3411, Training Accuracy: 41.73282706247843%, Test Loss: 1.6717, Test Accuracy: 53.45%
INFO:root:Test Accuracy: 58.73%
INFO:root:Epoch 4/20, Training Loss: 1.9157, Training Accuracy: 50.811183983431135%, Test Loss: 1.4805, Test Accuracy: 58.73%
INFO:root:Test Accuracy: 62.50%
INFO:root:Epoch 5/20, Training Loss: 1.7249, Training Accuracy: 55.005177770107004%, Test Loss: 1.3163, Test Accuracy: 62.50%
INFO:root:Test Accuracy: 64.91%
INFO:root:Epoch 6/20, Training Loss: 1.5478, Training Accuracy: 59.54435623058336%, Test Loss: 1.2333, Test Accuracy: 64.91%
INFO:root:Test Accuracy: 66.88%
INFO:root:Epoch 7/20, Training Loss: 1.4788, Training Accuracy: 62.115982050396966%, Test Loss: 1.1493, Test Accuracy: 66.88%
INFO:root:Device used is : cuda:0
INFO:root:Folder address detected for tarfile : CUB_200_2011
INFO:root:Dataset extracted...
INFO:root:Dataset splitted...
INFO:root:Starting training the model...
INFO:root:Device used is : cuda:0
INFO:root:Folder address detected for tarfile : CUB_200_2011
INFO:root:Dataset extracted...
INFO:root:Dataset splitted...
INFO:root:Starting training the model...
INFO:root:Test Accuracy: 25.98%
INFO:root:Epoch 1/20, Training Loss: 4.6445, Training Accuracy: 7.317915084570245%, Test Loss: 3.2198, Test Accuracy: 25.98%
INFO:root:Test Accuracy: 44.99%
INFO:root:Epoch 2/20, Training Loss: 2.9971, Training Accuracy: 29.288919571971004%, Test Loss: 2.0629, Test Accuracy: 44.99%
INFO:root:Test Accuracy: 54.12%
INFO:root:Epoch 3/20, Training Loss: 2.2900, Training Accuracy: 42.112530203658956%, Test Loss: 1.6371, Test Accuracy: 54.12%
INFO:root:Test Accuracy: 58.49%
INFO:root:Epoch 4/20, Training Loss: 1.9289, Training Accuracy: 51.380738695201934%, Test Loss: 1.4502, Test Accuracy: 58.49%
INFO:root:Test Accuracy: 62.35%
INFO:root:Epoch 5/20, Training Loss: 1.6981, Training Accuracy: 55.88539868829824%, Test Loss: 1.3462, Test Accuracy: 62.35%
INFO:root:Test Accuracy: 63.21%
INFO:root:Epoch 6/20, Training Loss: 1.5326, Training Accuracy: 62.01242664825682%, Test Loss: 1.2771, Test Accuracy: 63.21%
INFO:root:Test Accuracy: 67.58%
INFO:root:Epoch 7/20, Training Loss: 1.4381, Training Accuracy: 62.53020365895754%, Test Loss: 1.1584, Test Accuracy: 67.58%
INFO:root:Test Accuracy: 67.98%
INFO:root:Epoch 8/20, Training Loss: 1.3167, Training Accuracy: 66.41353123921297%, Test Loss: 1.1291, Test Accuracy: 67.98%
INFO:root:Test Accuracy: 68.85%
INFO:root:Epoch 9/20, Training Loss: 1.2594, Training Accuracy: 66.91404901622369%, Test Loss: 1.1131, Test Accuracy: 68.85%
INFO:root:Test Accuracy: 68.85%
INFO:root:Epoch 10/20, Training Loss: 1.1678, Training Accuracy: 68.96789782533655%, Test Loss: 1.1150, Test Accuracy: 68.85%
INFO:root:Test Accuracy: 69.07%
INFO:root:Epoch 11/20, Training Loss: 1.1749, Training Accuracy: 70.31411805315844%, Test Loss: 1.0644, Test Accuracy: 69.07%
INFO:root:Test Accuracy: 69.79%
INFO:root:Epoch 12/20, Training Loss: 1.1068, Training Accuracy: 71.69485674836038%, Test Loss: 1.0631, Test Accuracy: 69.79%
INFO:root:Test Accuracy: 70.77%
INFO:root:Epoch 13/20, Training Loss: 1.0384, Training Accuracy: 73.09285467725233%, Test Loss: 1.0657, Test Accuracy: 70.77%
INFO:root:Test Accuracy: 69.55%
INFO:root:Epoch 14/20, Training Loss: 1.0133, Training Accuracy: 73.80048325854332%, Test Loss: 1.1262, Test Accuracy: 69.55%
INFO:root:Test Accuracy: 71.24%
INFO:root:Epoch 15/20, Training Loss: 0.9912, Training Accuracy: 74.18018639972385%, Test Loss: 1.0563, Test Accuracy: 71.24%
INFO:root:Test Accuracy: 71.55%
INFO:root:Epoch 16/20, Training Loss: 0.9542, Training Accuracy: 75.61270279599586%, Test Loss: 1.0143, Test Accuracy: 71.55%
INFO:root:Test Accuracy: 70.52%
INFO:root:Epoch 17/20, Training Loss: 0.9896, Training Accuracy: 75.04314808422507%, Test Loss: 1.1180, Test Accuracy: 70.52%
INFO:root:Test Accuracy: 71.42%
INFO:root:Epoch 18/20, Training Loss: 0.9544, Training Accuracy: 75.52640662754574%, Test Loss: 1.0339, Test Accuracy: 71.42%
INFO:root:Test Accuracy: 71.99%
INFO:root:Epoch 19/20, Training Loss: 0.8926, Training Accuracy: 77.16603382809804%, Test Loss: 1.0642, Test Accuracy: 71.99%
INFO:root:Test Accuracy: 73.07%
INFO:root:Epoch 20/20, Training Loss: 0.8202, Training Accuracy: 78.90921643079048%, Test Loss: 1.0316, Test Accuracy: 73.07%
INFO:root:Training finished
INFO:root:Model saved
